#
# There is insufficient memory for the Java Runtime Environment to continue.
# Native memory allocation (mmap) failed to map 268435456 bytes for G1 virtual space
# Possible reasons:
#   The system is out of physical RAM or swap space
#   The process is running with CompressedOops enabled, and the Java Heap may be blocking the growth of the native heap
# Possible solutions:
#   Reduce memory load on the system
#   Increase physical memory or swap space
#   Check if swap backing store is full
#   Decrease Java heap size (-Xmx/-Xms)
#   Decrease number of Java threads
#   Decrease Java thread stack sizes (-Xss)
#   Set larger code cache with -XX:ReservedCodeCacheSize=
#   JVM is running with Zero Based Compressed Oops mode in which the Java heap is
#     placed in the first 32GB address space. The Java Heap base address is the
#     maximum limit for the native heap growth. Please use -XX:HeapBaseMinAddress
#     to set the Java Heap base and to place the Java Heap above 32GB virtual address.
# This output file may be truncated or incomplete.
#
#  Out of Memory Error (os_windows.cpp:3535), pid=22492, tid=17900
#
# JRE version:  (17.0.3+7) (build )
# Java VM: OpenJDK 64-Bit Server VM (17.0.3+7, mixed mode, sharing, tiered, compressed oops, compressed class ptrs, g1 gc, windows-amd64)
# No core dump will be written. Minidumps are not enabled by default on client versions of Windows
#

---------------  S U M M A R Y ------------

Command Line: -Dfile.encoding=UTF-8 -XX:+ShowCodeDetailsInExceptionMessages bank.Login

Host: Intel(R) Core(TM) i3-4010U CPU @ 1.70GHz, 4 cores, 15G,  Windows 10 , 64 bit Build 19041 (10.0.19041.1865)
Time: Fri Aug 12 03:03:34 2022 India Standard Time elapsed time: 0.058300 seconds (0d 0h 0m 0s)

---------------  T H R E A D  ---------------

Current thread (0x0000020959f34960):  JavaThread "Unknown thread" [_thread_in_vm, id=17900, stack(0x000000d8fb200000,0x000000d8fb300000)]

Stack: [0x000000d8fb200000,0x000000d8fb300000]
Native frames: (J=compiled Java code, j=interpreted, Vv=VM code, C=native code)
V  [jvm.dll+0x675efa]
V  [jvm.dll+0x830a24]
V  [jvm.dll+0x8321ce]
V  [jvm.dll+0x832833]
V  [jvm.dll+0x2454b5]
V  [jvm.dll+0x672de9]
V  [jvm.dll+0x667732]
V  [jvm.dll+0x3043ab]
V  [jvm.dll+0x30b8f6]
V  [jvm.dll+0x35b62e]
V  [jvm.dll+0x35b85f]
V  [jvm.dll+0x2db248]
V  [jvm.dll+0x2dc1b4]
V  [jvm.dll+0x802651]
V  [jvm.dll+0x3693b1]
V  [jvm.dll+0x7e1aac]
V  [jvm.dll+0x3ebd8f]
V  [jvm.dll+0x3ed911]
C  [jli.dll+0x5277]
C  [ucrtbase.dll+0x21bb2]
C  [KERNEL32.DLL+0x17034]
C  [ntdll.dll+0x52651]


---------------  P R O C E S S  ---------------

Threads class SMR info:
_java_thread_list=0x00007ffe9ea16e98, length=0, elements={
}

Java Threads: ( => current thread )

Other Threads:
  0x0000020959f9afb0 GCTaskThread "GC Thread#0" [stack: 0x000000d8fb300000,0x000000d8fb400000] [id=18756]
  0x0000020959fabe00 ConcurrentGCThread "G1 Main Marker" [stack: 0x000000d8fb400000,0x000000d8fb500000] [id=3108]
  0x0000020959fafe50 ConcurrentGCThread "G1 Conc#0" [stack: 0x000000d8fb500000,0x000000d8fb600000] [id=11380]

[error occurred during error reporting (printing all threads), id 0xc0000005, EXCEPTION_ACCESS_VIOLATION (0xc0000005) at pc=0x00007ffe9e1ebcd7]

VM state: not at safepoint (not fully initialized)

VM Mutex/Monitor currently owned by a thread:  ([mutex/lock_event])
[0x0000020959f30750] Heap_lock - owner thread: 0x0000020959f34960

Heap address: 0x0000000700e00000, size: 4082 MB, Compressed Oops mode: Zero based, Oop shift amount: 3

CDS archive(s) mapped at: [0x0000000000000000-0x0000000000000000-0x0000000000000000), size 0, SharedBaseAddress: 0x0000000800000000, ArchiveRelocationMode: 0.
Narrow klass base: 0x0000000000000000, Narrow klass shift: 0, Narrow klass range: 0x0

GC Precious Log:
<Empty>

Heap:
 garbage-first heap   total 0K, used 0K [0x0000000700e00000, 0x0000000800000000)
  region size 2048K, 0 young (0K), 0 survivors (0K)

[error occurred during error reporting (printing heap information), id 0xc0000005, EXCEPTION_ACCESS_VIOLATION (0xc0000005) at pc=0x00007ffe9e5cf249]

GC Heap History (0 events):
No events

Deoptimization events (0 events):
No events

Classes unloaded (0 events):
No events

Classes redefined (0 events):
No events

Internal exceptions (0 events):
No events

VM Operations (0 events):
No events

Events (1 events):
Event: 0.027 Loaded shared library C:\Users\ankit\.p2\pool\plugins\org.eclipse.justj.openjdk.hotspot.jre.full.win32.x86_64_17.0.3.v20220515-1416\jre\bin\java.dll


Dynamic libraries:
0x00007ff765080000 - 0x00007ff76508e000 	C:\Users\ankit\.p2\pool\plugins\org.eclipse.justj.openjdk.hotspot.jre.full.win32.x86_64_17.0.3.v20220515-1416\jre\bin\javaw.exe
0x00007fff109f0000 - 0x00007fff10be8000 	C:\WINDOWS\SYSTEM32\ntdll.dll
0x00007ffeeac40000 - 0x00007ffeeac57000 	C:\Program Files\Avast Software\Avast\aswhook.dll
0x00007fff105f0000 - 0x00007fff106ad000 	C:\WINDOWS\System32\KERNEL32.DLL
0x00007fff0e280000 - 0x00007fff0e54f000 	C:\WINDOWS\System32\KERNELBASE.dll
0x00007fff0e7b0000 - 0x00007fff0e8b0000 	C:\WINDOWS\System32\ucrtbase.dll
0x00007fff07db0000 - 0x00007fff07dc8000 	C:\Users\ankit\.p2\pool\plugins\org.eclipse.justj.openjdk.hotspot.jre.full.win32.x86_64_17.0.3.v20220515-1416\jre\bin\jli.dll
0x00007fff0ff80000 - 0x00007fff10120000 	C:\WINDOWS\System32\USER32.dll
0x00007fff0e140000 - 0x00007fff0e162000 	C:\WINDOWS\System32\win32u.dll
0x00007fff0ff40000 - 0x00007fff0ff6a000 	C:\WINDOWS\System32\GDI32.dll
0x00007fff0e8b0000 - 0x00007fff0e9bb000 	C:\WINDOWS\System32\gdi32full.dll
0x00007fff0e170000 - 0x00007fff0e20d000 	C:\WINDOWS\System32\msvcp_win.dll
0x00007fff08e50000 - 0x00007fff08e69000 	C:\Users\ankit\.p2\pool\plugins\org.eclipse.justj.openjdk.hotspot.jre.full.win32.x86_64_17.0.3.v20220515-1416\jre\bin\VCRUNTIME140.dll
0x00007fff0d520000 - 0x00007fff0d7ba000 	C:\WINDOWS\WinSxS\amd64_microsoft.windows.common-controls_6595b64144ccf1df_6.0.19041.1110_none_60b5254171f9507e\COMCTL32.dll
0x00007fff0f280000 - 0x00007fff0f31e000 	C:\WINDOWS\System32\msvcrt.dll
0x00007fff10760000 - 0x00007fff10790000 	C:\WINDOWS\System32\IMM32.DLL
0x00007fff0bce0000 - 0x00007fff0bcec000 	C:\Users\ankit\.p2\pool\plugins\org.eclipse.justj.openjdk.hotspot.jre.full.win32.x86_64_17.0.3.v20220515-1416\jre\bin\vcruntime140_1.dll
0x00007ffef7f20000 - 0x00007ffef7fb1000 	C:\Users\ankit\.p2\pool\plugins\org.eclipse.justj.openjdk.hotspot.jre.full.win32.x86_64_17.0.3.v20220515-1416\jre\bin\msvcp140.dll
0x00007ffe9df00000 - 0x00007ffe9eb48000 	C:\Users\ankit\.p2\pool\plugins\org.eclipse.justj.openjdk.hotspot.jre.full.win32.x86_64_17.0.3.v20220515-1416\jre\bin\server\jvm.dll
0x00007fff106b0000 - 0x00007fff1075e000 	C:\WINDOWS\System32\ADVAPI32.dll
0x00007fff0f030000 - 0x00007fff0f0cc000 	C:\WINDOWS\System32\sechost.dll
0x00007fff0eb20000 - 0x00007fff0ec45000 	C:\WINDOWS\System32\RPCRT4.dll
0x00007fff10990000 - 0x00007fff10998000 	C:\WINDOWS\System32\PSAPI.DLL
0x00007ffefc9c0000 - 0x00007ffefc9c9000 	C:\WINDOWS\SYSTEM32\WSOCK32.dll
0x00007fff0f440000 - 0x00007fff0f4ab000 	C:\WINDOWS\System32\WS2_32.dll
0x00007fff00b60000 - 0x00007fff00b87000 	C:\WINDOWS\SYSTEM32\WINMM.dll
0x00007fff0ae90000 - 0x00007fff0ae9a000 	C:\WINDOWS\SYSTEM32\VERSION.dll
0x00007fff0b230000 - 0x00007fff0b242000 	C:\WINDOWS\SYSTEM32\kernel.appcore.dll
0x00007ffefd420000 - 0x00007ffefd42a000 	C:\Users\ankit\.p2\pool\plugins\org.eclipse.justj.openjdk.hotspot.jre.full.win32.x86_64_17.0.3.v20220515-1416\jre\bin\jimage.dll
0x00007fff0db40000 - 0x00007fff0dd24000 	C:\WINDOWS\SYSTEM32\DBGHELP.DLL
0x00007fff0d8f0000 - 0x00007fff0d91c000 	C:\WINDOWS\SYSTEM32\dbgcore.DLL
0x00007fff0e9c0000 - 0x00007fff0ea42000 	C:\WINDOWS\System32\bcryptPrimitives.dll
0x00007ffefd380000 - 0x00007ffefd3a5000 	C:\Users\ankit\.p2\pool\plugins\org.eclipse.justj.openjdk.hotspot.jre.full.win32.x86_64_17.0.3.v20220515-1416\jre\bin\java.dll

dbghelp: loaded successfully - version: 4.0.5 - missing functions: none
symbol engine: initialized successfully - sym options: 0x614 - pdb path: .;C:\Users\ankit\.p2\pool\plugins\org.eclipse.justj.openjdk.hotspot.jre.full.win32.x86_64_17.0.3.v20220515-1416\jre\bin;C:\WINDOWS\SYSTEM32;C:\Program Files\Avast Software\Avast;C:\WINDOWS\WinSxS\amd64_microsoft.windows.common-controls_6595b64144ccf1df_6.0.19041.1110_none_60b5254171f9507e;C:\Users\ankit\.p2\pool\plugins\org.eclipse.justj.openjdk.hotspot.jre.full.win32.x86_64_17.0.3.v20220515-1416\jre\bin\server

VM Arguments:
jvm_args: -Dfile.encoding=UTF-8 -XX:+ShowCodeDetailsInExceptionMessages 
java_command: bank.Login
java_class_path (initial): C:\Users\ankit\eclipse-workspace\BANKING MANAGEMENT SYSTEM\bin;C:\Users\ankit\Downloads\mysql-connector-java-8.0.29\mysql-connector-java-8.0.29\mysql-connector-java-8.0.29.jar
Launcher Type: SUN_STANDARD

[Global flags]
     intx CICompilerCount                          = 3                                         {product} {ergonomic}
     uint ConcGCThreads                            = 1                                         {product} {ergonomic}
     uint G1ConcRefinementThreads                  = 4                                         {product} {ergonomic}
   size_t G1HeapRegionSize                         = 2097152                                   {product} {ergonomic}
    uintx GCDrainStackTargetSize                   = 64                                        {product} {ergonomic}
   size_t InitialHeapSize                          = 268435456                                 {product} {ergonomic}
   size_t MarkStackSize                            = 4194304                                   {product} {ergonomic}
   size_t MaxHeapSize                              = 4280287232                                {product} {ergonomic}
   size_t MinHeapDeltaBytes                        = 2097152                                   {product} {ergonomic}
   size_t MinHeapSize                              = 8388608                                   {product} {ergonomic}
    uintx NonNMethodCodeHeapSize                   = 5832780                                {pd product} {ergonomic}
    uintx NonProfiledCodeHeapSize                  = 122912730                              {pd product} {ergonomic}
    uintx ProfiledCodeHeapSize                     = 122912730                              {pd product} {ergonomic}
    uintx ReservedCodeCacheSize                    = 251658240                              {pd product} {ergonomic}
     bool SegmentedCodeCache                       = true                                      {product} {ergonomic}
     bool ShowCodeDetailsInExceptionMessages       = true                                   {manageable} {command line}
   size_t SoftMaxHeapSize                          = 4280287232                             {manageable} {ergonomic}
     bool UseCompressedClassPointers               = true                           {product lp64_product} {ergonomic}
     bool UseCompressedOops                        = true                           {product lp64_product} {ergonomic}
     bool UseG1GC                                  = true                                      {product} {ergonomic}
     bool UseLargePagesIndividualAllocation        = false                                  {pd product} {ergonomic}

Logging:
Log output configuration:
 #0: stdout all=warning uptime,level,tags
 #1: stderr all=off uptime,level,tags

Environment Variables:
PATH=C:/Users/ankit/.p2/pool/plugins/org.eclipse.justj.openjdk.hotspot.jre.full.win32.x86_64_17.0.3.v20220515-1416/jre/bin/server;C:/Users/ankit/.p2/pool/plugins/org.eclipse.justj.openjdk.hotspot.jre.full.win32.x86_64_17.0.3.v20220515-1416/jre/bin;C:\Program Files\Java\jdk1.8.0_202\bin;C:\Program Files\MySQL\MySQL Shell 8.0\bin\;C:\Users\ankit\AppData\Local\Microsoft\WindowsApps;C:\Program Files\MySQL\MySQL Server 8.0\bin;;C:\WINDOWS\system32;
USERNAME=ankit
OS=Windows_NT
PROCESSOR_IDENTIFIER=Intel64 Family 6 Model 69 Stepping 1, GenuineIntel



---------------  S Y S T E M  ---------------

OS:
 Windows 10 , 64 bit Build 19041 (10.0.19041.1865)
OS uptime: 0 days 16:08 hours

CPU: total 4 (initial active 4) (2 cores per cpu, 2 threads per core) family 6 model 69 stepping 1 microcode 0x25, cx8, cmov, fxsr, ht, mmx, sse, sse2, sse3, ssse3, sse4.1, sse4.2, popcnt, lzcnt, tsc, tscinvbit, avx, avx2, aes, erms, clmul, bmi1, bmi2, fma, vzeroupper, clflush

Memory: 4k page, system-wide physical 16320M (6599M free)
TotalPageFile size 31610M (AvailPageFile size 205M)
current process WorkingSet (physical memory assigned to process): 10M, peak: 10M
current process commit charge ("private bytes"): 52M, peak: 307M

vm_info: OpenJDK 64-Bit Server VM (17.0.3+7) for windows-amd64 JRE (17.0.3+7), built on Apr 19 2022 16:55:35 by "" with MS VC++ 16.7 (VS2019)

END.
